2024-10-11 18:35:31,477:ERROR:Error in transform_data: could not convert string to float: 'Tesla'
2024-10-11 18:35:31,480:ERROR:Error while applying model Linear Regression: could not convert string to float: 'Mercedes'
2024-10-11 18:35:31,481:ERROR:Error in transform_data: could not convert string to float: 'Tesla'
2024-10-11 18:35:31,483:ERROR:Error while applying model Ridge Regression: could not convert string to float: 'Mercedes'
2024-10-11 18:35:31,484:ERROR:Error in transform_data: could not convert string to float: 'Tesla'
2024-10-11 18:35:31,486:ERROR:Error while applying model Lasso Regression: could not convert string to float: 'Mercedes'
2024-10-11 18:35:31,487:ERROR:Error in transform_data: could not convert string to float: 'Tesla'
2024-10-11 18:35:31,489:ERROR:Error while applying model Logistic Regression: could not convert string to float: 'Mercedes'
2024-10-11 18:35:31,490:ERROR:Error in transform_data: could not convert string to float: 'Tesla'
2024-10-11 18:35:31,492:ERROR:Error while applying model Decision Tree: could not convert string to float: 'Mercedes'
2024-10-11 18:35:31,492:ERROR:Error in transform_data: could not convert string to float: 'Tesla'
2024-10-11 18:35:31,495:ERROR:Error while applying model Random Forest: could not convert string to float: 'Mercedes'
2024-10-11 18:35:31,496:ERROR:Error in transform_data: could not convert string to float: 'Tesla'
2024-10-11 18:35:31,497:ERROR:Error while applying model Gradient Boosting: could not convert string to float: 'Mercedes'
2024-10-11 18:35:31,498:ERROR:Error in transform_data: could not convert string to float: 'Tesla'
2024-10-11 18:35:31,501:ERROR:Error while applying model AdaBoost: could not convert string to float: 'Mercedes'
2024-10-11 18:35:31,502:ERROR:Error in transform_data: could not convert string to float: 'Tesla'
2024-10-11 18:35:31,504:ERROR:Error while applying model SVC: could not convert string to float: 'Mercedes'
2024-10-11 18:35:31,505:ERROR:Error in transform_data: could not convert string to float: 'Tesla'
2024-10-11 18:35:31,507:ERROR:Error while applying model K Neighbors: could not convert string to float: 'Mercedes'
2024-10-11 18:35:31,511:ERROR:Error while applying model GaussianNB: Unknown label type: (array([ 5011.27,  5022.86,  5060.75, ..., 99578.74, 99905.9 , 99968.62]),)
2024-10-11 18:35:31,513:ERROR:Error while applying model KMeans: too many values to unpack (expected 2)
2024-10-11 18:35:31,518:ERROR:Error while applying model Voting Classifier: Unknown label type: continuous. Maybe you are trying to fit a classifier, which expects discrete classes on a regression target with continuous values.
2024-10-11 18:35:31,519:ERROR:Error in apply_models: "None of ['name'] are in the columns"
2024-10-11 18:35:31,519:ERROR:Error in run_analysis: 'b) plots'
2024-10-11 18:42:06,077:ERROR:Error in transform_data: could not convert string to float: 'Tesla'
2024-10-11 18:42:06,079:ERROR:Error while applying model Linear Regression: could not convert string to float: 'Mercedes'
2024-10-11 18:42:06,081:ERROR:Error in transform_data: could not convert string to float: 'Tesla'
2024-10-11 18:42:06,083:ERROR:Error while applying model Ridge Regression: could not convert string to float: 'Mercedes'
2024-10-11 18:42:06,084:ERROR:Error in transform_data: could not convert string to float: 'Tesla'
2024-10-11 18:42:06,086:ERROR:Error while applying model Lasso Regression: could not convert string to float: 'Mercedes'
2024-10-11 18:42:06,086:ERROR:Error in transform_data: could not convert string to float: 'Tesla'
2024-10-11 18:42:06,089:ERROR:Error while applying model Logistic Regression: could not convert string to float: 'Mercedes'
2024-10-11 18:42:06,090:ERROR:Error in transform_data: could not convert string to float: 'Tesla'
2024-10-11 18:42:06,092:ERROR:Error while applying model Decision Tree: could not convert string to float: 'Mercedes'
2024-10-11 18:42:06,092:ERROR:Error in transform_data: could not convert string to float: 'Tesla'
2024-10-11 18:42:06,095:ERROR:Error while applying model Random Forest: could not convert string to float: 'Mercedes'
2024-10-11 18:42:06,096:ERROR:Error in transform_data: could not convert string to float: 'Tesla'
2024-10-11 18:42:06,097:ERROR:Error while applying model Gradient Boosting: could not convert string to float: 'Mercedes'
2024-10-11 18:42:06,098:ERROR:Error in transform_data: could not convert string to float: 'Tesla'
2024-10-11 18:42:06,102:ERROR:Error while applying model AdaBoost: could not convert string to float: 'Mercedes'
2024-10-11 18:42:06,103:ERROR:Error in transform_data: could not convert string to float: 'Tesla'
2024-10-11 18:42:06,104:ERROR:Error while applying model SVC: could not convert string to float: 'Mercedes'
2024-10-11 18:42:06,105:ERROR:Error in transform_data: could not convert string to float: 'Tesla'
2024-10-11 18:42:06,107:ERROR:Error while applying model K Neighbors: could not convert string to float: 'Mercedes'
2024-10-11 18:42:06,112:ERROR:Error while applying model GaussianNB: Unknown label type: (array([ 5011.27,  5022.86,  5060.75, ..., 99578.74, 99905.9 , 99968.62]),)
2024-10-11 18:42:06,113:ERROR:Error while applying model KMeans: too many values to unpack (expected 2)
2024-10-11 18:42:06,117:ERROR:Error while applying model Voting Classifier: Unknown label type: continuous. Maybe you are trying to fit a classifier, which expects discrete classes on a regression target with continuous values.
2024-10-11 18:42:06,118:ERROR:Error in apply_models: "None of ['name'] are in the columns"
2024-10-11 18:42:06,119:ERROR:Error in run_analysis: 'b) plots'
2024-10-11 18:43:43,060:ERROR:Error in transform_data: could not convert string to float: 'Tesla'
2024-10-11 18:43:43,062:ERROR:Error while applying model Linear Regression: could not convert string to float: 'Mercedes'
2024-10-11 18:43:43,063:ERROR:Error in transform_data: could not convert string to float: 'Tesla'
2024-10-11 18:43:43,065:ERROR:Error while applying model Ridge Regression: could not convert string to float: 'Mercedes'
2024-10-11 18:43:43,066:ERROR:Error in transform_data: could not convert string to float: 'Tesla'
2024-10-11 18:43:43,068:ERROR:Error while applying model Lasso Regression: could not convert string to float: 'Mercedes'
2024-10-11 18:43:43,069:ERROR:Error in transform_data: could not convert string to float: 'Tesla'
2024-10-11 18:43:43,070:ERROR:Error while applying model Logistic Regression: could not convert string to float: 'Mercedes'
2024-10-11 18:43:43,071:ERROR:Error in transform_data: could not convert string to float: 'Tesla'
2024-10-11 18:43:43,073:ERROR:Error while applying model Decision Tree: could not convert string to float: 'Mercedes'
2024-10-11 18:43:43,074:ERROR:Error in transform_data: could not convert string to float: 'Tesla'
2024-10-11 18:43:43,076:ERROR:Error while applying model Random Forest: could not convert string to float: 'Mercedes'
2024-10-11 18:43:43,077:ERROR:Error in transform_data: could not convert string to float: 'Tesla'
2024-10-11 18:43:43,079:ERROR:Error while applying model Gradient Boosting: could not convert string to float: 'Mercedes'
2024-10-11 18:43:43,079:ERROR:Error in transform_data: could not convert string to float: 'Tesla'
2024-10-11 18:43:43,084:ERROR:Error while applying model AdaBoost: could not convert string to float: 'Mercedes'
2024-10-11 18:43:43,085:ERROR:Error in transform_data: could not convert string to float: 'Tesla'
2024-10-11 18:43:43,087:ERROR:Error while applying model SVC: could not convert string to float: 'Mercedes'
2024-10-11 18:43:43,088:ERROR:Error in transform_data: could not convert string to float: 'Tesla'
2024-10-11 18:43:43,089:ERROR:Error while applying model K Neighbors: could not convert string to float: 'Mercedes'
2024-10-11 18:43:43,093:ERROR:Error while applying model GaussianNB: Unknown label type: (array([ 5011.27,  5022.86,  5060.75, ..., 99578.74, 99905.9 , 99968.62]),)
2024-10-11 18:43:43,094:ERROR:Error while applying model KMeans: too many values to unpack (expected 2)
2024-10-11 18:43:43,099:ERROR:Error while applying model Voting Classifier: Unknown label type: continuous. Maybe you are trying to fit a classifier, which expects discrete classes on a regression target with continuous values.
2024-10-11 18:43:43,100:ERROR:Error in apply_models: "None of ['name'] are in the columns"
2024-10-11 18:59:04,127:ERROR:Error in run_analysis: 'Analyser' object has no attribute 'vectorize_text'
2024-10-11 19:01:14,469:ERROR:Error in run_analysis: 'Analyser' object has no attribute 'vectorize_text'
2024-10-11 19:07:47,053:ERROR:Error in add_requirement: [WinError 183] Cannot create a file when that file already exists: 'C:\\Users\\HimakarRaju\\Desktop\\Milestone2\\Datasets\\Spotify Most Streamed Songs.csv'
2024-10-11 19:08:00,708:ERROR:Error in run_analysis: np.nan is an invalid document, expected byte or unicode string.
